Sat 24 Sep 2022 12:13:58 AM UTC: 
 tests:  1|8
total_score: 0/70
8db37c9
Sat 24 Sep 2022 12:34:18 AM UTC: 
 treemap.c | 16 +++++++++++++---
 1 file changed, 13 insertions(+), 3 deletions(-)
In file included from test.c:4:
treemap.c: In function ‘createTreeMap’:
treemap.c:42:18: error: comparison between pointer and integer [-Werror]
   42 |   if (lower_than == 1){
      |                  ^~
treemap.c:43:32: error: ‘key2’ undeclared (first use in this function)
   43 |     Map->root = createTreeNode(key2, NULL);
      |                                ^~~~
treemap.c:43:32: note: each undeclared identifier is reported only once for each function it appears in
treemap.c:44:38: error: ‘key1’ undeclared (first use in this function)
   44 |     Map->root->left = createTreeNode(key1, NULL);
      |                                      ^~~~
cc1: all warnings being treated as errors
Compilation failed
1256571
Sat 24 Sep 2022 12:34:45 AM UTC: 
 treemap.c | 2 +-
 1 file changed, 1 insertion(+), 1 deletion(-)
In file included from test.c:4:
treemap.c: In function ‘createTreeMap’:
treemap.c:43:32: error: ‘key2’ undeclared (first use in this function)
   43 |     Map->root = createTreeNode(key2, NULL);
      |                                ^~~~
treemap.c:43:32: note: each undeclared identifier is reported only once for each function it appears in
treemap.c:44:38: error: ‘key1’ undeclared (first use in this function)
   44 |     Map->root->left = createTreeNode(key1, NULL);
      |                                      ^~~~
Compilation failed
a692086
Sat 24 Sep 2022 12:35:24 AM UTC: 
 treemap.c | 8 ++++----
 1 file changed, 4 insertions(+), 4 deletions(-)
In file included from test.c:4:
treemap.c: In function ‘createTreeMap’:
treemap.c:43:33: error: ‘key2’ undeclared (first use in this function)
   43 |     Map->root = createTreeNode(*key2, NULL);
      |                                 ^~~~
treemap.c:43:33: note: each undeclared identifier is reported only once for each function it appears in
treemap.c:44:39: error: ‘key1’ undeclared (first use in this function)
   44 |     Map->root->left = createTreeNode(*key1, NULL);
      |                                       ^~~~
Compilation failed
33c5119
Sat 24 Sep 2022 12:38:38 AM UTC: 
 treemap.c | 2 +-
 1 file changed, 1 insertion(+), 1 deletion(-)
In file included from test.c:4:
treemap.c: In function ‘createTreeMap’:
treemap.c:43:33: error: ‘key2’ undeclared (first use in this function)
   43 |     Map->root = createTreeNode(*key2, NULL);
      |                                 ^~~~
treemap.c:43:33: note: each undeclared identifier is reported only once for each function it appears in
treemap.c:44:39: error: ‘key1’ undeclared (first use in this function)
   44 |     Map->root->left = createTreeNode(*key1, NULL);
      |                                       ^~~~
Compilation failed
8d39018
Sat 24 Sep 2022 12:40:54 AM UTC: 
 treemap.c | 2 ++
 1 file changed, 2 insertions(+)
In file included from test.c:4:
treemap.c: In function ‘createTreeMap’:
treemap.c:45:32: error: dereferencing ‘void *’ pointer [-Werror]
   45 |     Map->root = createTreeNode(*key2, NULL);
      |                                ^~~~~
treemap.c:45:32: error: invalid use of void expression
treemap.c:46:38: error: dereferencing ‘void *’ pointer [-Werror]
   46 |     Map->root->left = createTreeNode(*key1, NULL);
      |                                      ^~~~~
treemap.c:46:38: error: invalid use of void expression
treemap.c:50:32: error: dereferencing ‘void *’ pointer [-Werror]
   50 |     Map->root = createTreeNode(*key1, NULL);
      |                                ^~~~~
treemap.c:50:32: error: invalid use of void expression
treemap.c:51:39: error: dereferencing ‘void *’ pointer [-Werror]
   51 |     Map->root->right = createTreeNode(*key2, NULL);
      |                                       ^~~~~
treemap.c:51:39: error: invalid use of void expression
cc1: all warnings being treated as errors
Compilation failed
5c31beb
Sat 24 Sep 2022 12:41:10 AM UTC: 
 treemap.c | 8 ++++----
 1 file changed, 4 insertions(+), 4 deletions(-)
In file included from test.c:4:
treemap.c: In function ‘createTreeMap’:
treemap.c:45:17: error: ‘key2’ may be used uninitialized in this function [-Werror=maybe-uninitialized]
   45 |     Map->root = createTreeNode(key2, NULL);
      |                 ^~~~~~~~~~~~~~~~~~~~~~~~~~
treemap.c:46:23: error: ‘key1’ may be used uninitialized in this function [-Werror=maybe-uninitialized]
   46 |     Map->root->left = createTreeNode(key1, NULL);
      |                       ^~~~~~~~~~~~~~~~~~~~~~~~~~
cc1: all warnings being treated as errors
Compilation failed
a760100
Sat 24 Sep 2022 02:27:58 AM UTC: 
 treemap.c | 12 ------------
 1 file changed, 12 deletions(-)
 tests:  4|7
total_score: 5/70
4993d1f
Sat 24 Sep 2022 02:28:28 AM UTC: 
 treemap.c | 12 ++++++++++++
 1 file changed, 12 insertions(+)
 tests:  11|6
total_score: 15/70
5f3ed53
Sat 24 Sep 2022 03:01:50 AM UTC: 
 treemap.c | 6 ++++--
 1 file changed, 4 insertions(+), 2 deletions(-)
 tests:  11|6
total_score: 15/70
f68cd7b
Sun 25 Sep 2022 10:56:51 PM UTC: 
 tests:  11|6
total_score: 15/70
e78b9f9
Sun 25 Sep 2022 11:18:57 PM UTC: 
 treemap.c | 12 ++++++++++--
 1 file changed, 10 insertions(+), 2 deletions(-)
In file included from test.c:4:
treemap.c: In function ‘minimum’:
treemap.c:51:11: error: expected identifier or ‘(’ before ‘->’ token
   51 |   TreeNode->current = x;
      |           ^~
treemap.c:52:6: error: expected expression before ‘TreeNode’
   52 |   if(TreeNode->current->left == NULL){
      |      ^~~~~~~~
treemap.c:56:12: error: expected expression before ‘TreeNode’
   56 |     while (TreeNode->current->left != NULL){
      |            ^~~~~~~~
treemap.c:57:15: error: expected identifier or ‘(’ before ‘->’ token
   57 |       TreeNode->current = Tree->current->left;
      |               ^~
treemap.c:59:12: error: expected expression before ‘TreeNode’
   59 |     return TreeNode->current;
      |            ^~~~~~~~
treemap.c:61:1: error: control reaches end of non-void function [-Werror=return-type]
   61 | }
      | ^
cc1: all warnings being treated as errors
Compilation failed
5d3ffd4
Sun 25 Sep 2022 11:20:41 PM UTC: 
 treemap.c | 11 ++++++-----
 1 file changed, 6 insertions(+), 5 deletions(-)
In file included from test.c:4:
treemap.c: In function ‘minimum’:
treemap.c:52:6: error: ‘TreeNode’ has no member named ‘current’
   52 |   new->current = x;
      |      ^~
treemap.c:53:9: error: ‘TreeNode’ has no member named ‘current’
   53 |   if(new->current->left == NULL){
      |         ^~
treemap.c:57:15: error: ‘TreeNode’ has no member named ‘current’
   57 |     while (new->current->left != NULL){
      |               ^~
treemap.c:58:10: error: ‘TreeNode’ has no member named ‘current’
   58 |       new->current = new->current->left;
      |          ^~
treemap.c:58:25: error: ‘TreeNode’ has no member named ‘current’
   58 |       new->current = new->current->left;
      |                         ^~
treemap.c:60:15: error: ‘TreeNode’ has no member named ‘current’
   60 |     return new->current;
      |               ^~
treemap.c:62:1: error: control reaches end of non-void function [-Werror=return-type]
   62 | }
      | ^
cc1: all warnings being treated as errors
Compilation failed
8255e8b
Sun 25 Sep 2022 11:22:37 PM UTC: 
 treemap.c | 10 ++++------
 1 file changed, 4 insertions(+), 6 deletions(-)
 tests:  13|5
total_score: 15/70
074bd0c
Mon 26 Sep 2022 12:31:55 AM UTC: 
 treemap.c | 30 ++++++++++++++++++++++++++++++
 1 file changed, 30 insertions(+)
 tests:  0|0
59b0d3f
Mon 26 Sep 2022 12:39:47 AM UTC: 
 treemap.c | 4 ++--
 1 file changed, 2 insertions(+), 2 deletions(-)
 tests:  13|5
total_score: 15/70
6206cc8
Mon 26 Sep 2022 12:43:47 AM UTC: 
 treemap.c | 7 ++++++-
 1 file changed, 6 insertions(+), 1 deletion(-)
In file included from test.c:4:
treemap.c: In function ‘firstTreeMap’:
treemap.c:134:13: error: ‘TreeMap’ has no member named ‘left’
  134 |   new = tree->left
      |             ^~
treemap.c:134:19: error: expected ‘;’ before ‘while’
  134 |   new = tree->left
      |                   ^
      |                   ;
  135 |   while(new != NULL){
      |   ~~~~~            
treemap.c:133:13: error: variable ‘new’ set but not used [-Werror=unused-but-set-variable]
  133 |   TreeNode* new = (TreeNode *)malloc(sizeof(TreeNode));
      |             ^~~
treemap.c:139:1: error: control reaches end of non-void function [-Werror=return-type]
  139 | }
      | ^
cc1: all warnings being treated as errors
Compilation failed
d87a048
Mon 26 Sep 2022 12:43:59 AM UTC: 
 treemap.c | 2 +-
 1 file changed, 1 insertion(+), 1 deletion(-)
In file included from test.c:4:
treemap.c: In function ‘firstTreeMap’:
treemap.c:134:13: error: ‘TreeMap’ has no member named ‘left’
  134 |   new = tree->left
      |             ^~
treemap.c:134:19: error: expected ‘;’ before ‘while’
  134 |   new = tree->left
      |                   ^
      |                   ;
  135 |   while(new->left != NULL){
      |   ~~~~~            
treemap.c:133:13: error: variable ‘new’ set but not used [-Werror=unused-but-set-variable]
  133 |   TreeNode* new = (TreeNode *)malloc(sizeof(TreeNode));
      |             ^~~
treemap.c:139:1: error: control reaches end of non-void function [-Werror=return-type]
  139 | }
      | ^
cc1: all warnings being treated as errors
Compilation failed
252b4f8
Mon 26 Sep 2022 12:44:07 AM UTC: 
 treemap.c | 2 +-
 1 file changed, 1 insertion(+), 1 deletion(-)
In file included from test.c:4:
treemap.c: In function ‘firstTreeMap’:
treemap.c:134:13: error: ‘TreeMap’ has no member named ‘left’
  134 |   new = tree->left;
      |             ^~
treemap.c:136:15: error: ‘TreeMap’ has no member named ‘left’
  136 |     new = tree->left;
      |               ^~
Compilation failed
e76b781
Mon 26 Sep 2022 12:45:03 AM UTC: 
 treemap.c | 8 ++++----
 1 file changed, 4 insertions(+), 4 deletions(-)
In file included from test.c:4:
treemap.c: In function ‘firstTreeMap’:
treemap.c:134:6: error: ‘TreeNode’ has no member named ‘current’
  134 |   new->current = tree->left;
      |      ^~
treemap.c:134:22: error: ‘TreeMap’ has no member named ‘left’
  134 |   new->current = tree->left;
      |                      ^~
treemap.c:135:12: error: ‘TreeNode’ has no member named ‘current’
  135 |   while(new->current != NULL){
      |            ^~
treemap.c:136:8: error: ‘TreeNode’ has no member named ‘current’
  136 |     new->current = tree->left;
      |        ^~
treemap.c:136:24: error: ‘TreeMap’ has no member named ‘left’
  136 |     new->current = tree->left;
      |                        ^~
treemap.c:138:13: error: ‘TreeNode’ has no member named ‘current’
  138 |   return new->current->pair->value;
      |             ^~
treemap.c:139:1: error: control reaches end of non-void function [-Werror=return-type]
  139 | }
      | ^
cc1: all warnings being treated as errors
Compilation failed
69f9e6e
Mon 26 Sep 2022 12:46:07 AM UTC: 
 treemap.c | 8 ++++----
 1 file changed, 4 insertions(+), 4 deletions(-)
In file included from test.c:4:
treemap.c: In function ‘firstTreeMap’:
treemap.c:134:19: error: ‘TreeMap’ has no member named ‘left’
  134 |   new->left = tree->left;
      |                   ^~
treemap.c:136:21: error: ‘TreeMap’ has no member named ‘left’
  136 |     new->left = tree->left;
      |                     ^~
Compilation failed
f5aa22e
Mon 26 Sep 2022 12:47:52 AM UTC: 
 treemap.c | 7 +------
 1 file changed, 1 insertion(+), 6 deletions(-)
 tests:  13|5
total_score: 15/70
cc34eb9
Mon 26 Sep 2022 12:49:18 AM UTC: 
 treemap.c | 4 ++--
 1 file changed, 2 insertions(+), 2 deletions(-)
 tests:  0|0
5ddfbdc
Mon 26 Sep 2022 12:51:41 AM UTC: 
 treemap.c | 2 +-
 1 file changed, 1 insertion(+), 1 deletion(-)
In file included from test.c:4:
treemap.c: In function ‘minimum’:
treemap.c:52:5: error: ‘return’ with no value, in function returning non-void [-Werror=return-type]
   52 |     return;
      |     ^~~~~~
treemap.c:50:12: note: declared here
   50 | TreeNode * minimum(TreeNode * x){
      |            ^~~~~~~
cc1: all warnings being treated as errors
Compilation failed
5ca187c
Mon 26 Sep 2022 12:51:55 AM UTC: 
 treemap.c | 2 +-
 1 file changed, 1 insertion(+), 1 deletion(-)
 tests:  0|0
675637b
Mon 26 Sep 2022 12:53:03 AM UTC: 
 treemap.c | 2 +-
 1 file changed, 1 insertion(+), 1 deletion(-)
 tests:  0|0
2ac2f4c
Mon 26 Sep 2022 12:54:10 AM UTC: 
 treemap.c | 4 ++--
 1 file changed, 2 insertions(+), 2 deletions(-)
 tests:  0|0
1063b16
Mon 26 Sep 2022 12:55:52 AM UTC: 
 treemap.c | 9 ++++++---
 1 file changed, 6 insertions(+), 3 deletions(-)
 tests:  0|0
91d6319
Mon 26 Sep 2022 01:03:45 AM UTC: 
 treemap.c | 8 ++++++--
 1 file changed, 6 insertions(+), 2 deletions(-)
 tests:  0|0
979a097
Mon 26 Sep 2022 01:04:17 AM UTC: 
 treemap.c | 4 ++--
 1 file changed, 2 insertions(+), 2 deletions(-)
 tests:  13|5
total_score: 15/70
b3b612b
Mon 26 Sep 2022 01:08:55 AM UTC: 
 treemap.c | 6 +++++-
 1 file changed, 5 insertions(+), 1 deletion(-)
 tests:  15|4
total_score: 20/70
1900320
Mon 26 Sep 2022 01:33:53 AM UTC: 
 treemap.c | 13 ++++++++++++-
 1 file changed, 12 insertions(+), 1 deletion(-)
In file included from test.c:4:
treemap.c: In function ‘nextTreeMap’:
treemap.c:150:7: error: expected ‘(’ before ‘{’ token
  150 |     if{tree->current->left != NULL}{
      |       ^
      |       (
treemap.c:150:21: error: statement with no effect [-Werror=unused-value]
  150 |     if{tree->current->left != NULL}{
      |        ~~~~~~~~~~~~~^~~~~~
cc1: all warnings being treated as errors
Compilation failed
ca972ed
Mon 26 Sep 2022 01:34:08 AM UTC: 
 treemap.c | 2 +-
 1 file changed, 1 insertion(+), 1 deletion(-)
 tests:  18|4
total_score: 25/70
1cf7821
Mon 26 Sep 2022 01:35:32 AM UTC: 
 treemap.c | 5 +++++
 1 file changed, 5 insertions(+)
 tests:  17|4
total_score: 25/70
7c9217c
Mon 26 Sep 2022 01:36:43 AM UTC: 
 treemap.c | 1 +
 1 file changed, 1 insertion(+)
 tests:  0|0
23cb752
Mon 26 Sep 2022 01:38:16 AM UTC: 
 treemap.c | 2 ++
 1 file changed, 2 insertions(+)
In file included from test.c:4:
treemap.c: In function ‘nextTreeMap’:
treemap.c:158:32: error: ‘Null’ undeclared (first use in this function)
  158 |     if(tree->current->right != Null){
      |                                ^~~~
treemap.c:158:32: note: each undeclared identifier is reported only once for each function it appears in
Compilation failed
9520291
Mon 26 Sep 2022 01:38:26 AM UTC: 
 treemap.c | 2 +-
 1 file changed, 1 insertion(+), 1 deletion(-)
In file included from test.c:4:
treemap.c: In function ‘nextTreeMap’:
treemap.c:158:32: error: ‘NUll’ undeclared (first use in this function)
  158 |     if(tree->current->right != NUll){
      |                                ^~~~
treemap.c:158:32: note: each undeclared identifier is reported only once for each function it appears in
Compilation failed
0ff076f
Mon 26 Sep 2022 01:38:34 AM UTC: 
 treemap.c | 2 +-
 1 file changed, 1 insertion(+), 1 deletion(-)
 tests:  18|4
total_score: 25/70
dd173d1
Mon 26 Sep 2022 01:42:59 AM UTC: 
 treemap.c | 2 +-
 1 file changed, 1 insertion(+), 1 deletion(-)
In file included from test.c:4:
treemap.c: In function ‘nextTreeMap’:
treemap.c:156:39: error: expected identifier before ‘->’ token
  156 |   if(tree->current->pair->key < tree->->current->parent->pair->key){
      |                                       ^~
Compilation failed
afb5fb5
Mon 26 Sep 2022 01:43:11 AM UTC: 
 treemap.c | 2 +-
 1 file changed, 1 insertion(+), 1 deletion(-)
 tests:  17|4
total_score: 25/70
a73c488
Mon 26 Sep 2022 01:44:16 AM UTC: 
 treemap.c | 2 +-
 1 file changed, 1 insertion(+), 1 deletion(-)
 tests:  18|4
total_score: 25/70
97ffafe
Mon 26 Sep 2022 01:46:20 AM UTC: 
 treemap.c | 3 +++
 1 file changed, 3 insertions(+)
 tests:  17|4
total_score: 25/70
facb098
Mon 26 Sep 2022 01:47:04 AM UTC: 
 treemap.c | 4 +---
 1 file changed, 1 insertion(+), 3 deletions(-)
 tests:  18|4
total_score: 25/70
7b6824e
Mon 26 Sep 2022 02:25:06 AM UTC: 
 treemap.c | 15 +++++++++++++--
 1 file changed, 13 insertions(+), 2 deletions(-)
 tests:  17|4
total_score: 25/70
c4c3959
Mon 26 Sep 2022 02:56:10 AM UTC: 
 treemap.c | 20 +++++++++++++-------
 1 file changed, 13 insertions(+), 7 deletions(-)
 tests:  19|4
total_score: 25/70
d3f57b3
Wed 28 Sep 2022 11:11:54 PM UTC: 
 treemap.c | 35 +++++++++++++++--------------------
 1 file changed, 15 insertions(+), 20 deletions(-)
 tests:  22|3
total_score: 35/70
999ad6f
